<?xml version="1.0" encoding="UTF-8"?>
<!-- Generated by org.testng.reporters.JUnitXMLReporter -->
<testsuite hostname="ETP-QATEST8" ignored="0" name="Test" tests="3" failures="0" timestamp="10 Jan 2020 10:46:54 GMT" time="102.617" errors="0">
  <testcase name="JDADemandWorkBench" time="32.78" classname="DriverScript.JDA"/>
  <testcase name="JDAPIMSupersession" time="20.896" classname="DriverScript.JDA"/>
  <testcase name="JDASupersession" time="33.547" classname="DriverScript.JDA"/>
</testsuite> <!-- Test -->
