<?xml version="1.0" encoding="UTF-8"?>
<testsuite xmlns:xsi="http://www.w3.org/2001/XMLSchema-instance" xsi:noNamespaceSchemaLocation="https://maven.apache.org/surefire/maven-surefire-plugin/xsd/surefire-test-report.xsd" name="TestSuite" time="255.02" tests="3" errors="0" skipped="0" failures="0">
  <properties>
[...]
</properties>
  <testcase name="JDASupersession" classname="DriverScript.JDA" time="69.474"/>
  <testcase name="JDAPIMSupersession" classname="DriverScript.JDA" time="42.674"/>
  <testcase name="JDADemandWorkBench" classname="DriverScript.JDA" time="82.826"/>
</testsuite>