<?xml version="1.0" encoding="UTF-8"?>
<!-- Generated by org.testng.reporters.JUnitXMLReporter -->
<testsuite hostname="ETP-QATEST10" ignored="0" name="Test" tests="3" failures="0" timestamp="16 Jan 2020 06:59:15 GMT" time="29.079" errors="0">
  <testcase name="@BeforeTest beforeTest" time="28.88" classname="DriverScript.JDA">
    <failure type="java.lang.NullPointerException">
      <![CDATA[java.lang.NullPointerException
at il.co.topq.difido.reporters.AbstractDifidoReporter.log(AbstractDifidoReporter.java:412)
at il.co.topq.difido.reporters.AbstractDifidoReporter.log(AbstractDifidoReporter.java:432)
at il.co.topq.difido.ReportManager.log(ReportManager.java:74)
at il.co.topq.difido.ReportManager.log(ReportManager.java:85)
at DriverScript.JDA.beforeTest(JDA.java:81)
... Removed 24 stack frames]]>
    </failure>
  </testcase> <!-- @BeforeTest beforeTest -->
  <testcase name="@AfterTest JDALogout" time="0.0" classname="DriverScript.JDA">
    <skipped/>
  </testcase> <!-- @AfterTest JDALogout -->
  <testcase name="JDASupersession" time="0.0" classname="DriverScript.JDA">
    <skipped/>
  </testcase> <!-- JDASupersession -->
  <testcase name="JDAPIMSupersession" time="0.0" classname="DriverScript.JDA">
    <skipped/>
  </testcase> <!-- JDAPIMSupersession -->
  <testcase name="JDADemandWorkBench" time="0.0" classname="DriverScript.JDA">
    <skipped/>
  </testcase> <!-- JDADemandWorkBench -->
</testsuite> <!-- Test -->
